2025-02-02 09:17:32,235 - INFO - Login attempt for user: admin
2025-02-16 21:11:13,706 - INFO - Starting application
2025-02-16 21:11:13,706 - INFO - Starting application
2025-02-16 21:11:13,706 - INFO - Starting application
2025-02-16 21:11:14,352 - INFO - Starting application
2025-02-16 21:11:14,352 - INFO - Starting application
2025-02-16 21:11:14,352 - INFO - Starting application
2025-02-16 21:11:19,334 - INFO - Database initialized successfully
2025-02-16 21:11:19,334 - INFO - Database initialized successfully
2025-02-16 21:11:19,334 - INFO - Database initialized successfully
2025-02-16 21:11:19,335 - INFO - Application initialized successfully
2025-02-16 21:11:19,335 - INFO - Application initialized successfully
2025-02-16 21:11:19,335 - INFO - Application initialized successfully
2025-02-16 21:11:19,335 - INFO - Accessed index route
2025-02-16 21:11:19,335 - INFO - Accessed index route
2025-02-16 21:11:19,335 - INFO - Accessed index route
2025-02-16 21:16:11,352 - INFO - Starting application
2025-02-16 21:16:11,352 - INFO - Starting application
2025-02-16 21:16:11,352 - INFO - Starting application
2025-02-16 21:16:12,073 - INFO - Starting application
2025-02-16 21:16:12,073 - INFO - Starting application
2025-02-16 21:16:12,073 - INFO - Starting application
2025-02-16 21:16:15,811 - INFO - Database initialized successfully
2025-02-16 21:16:15,811 - INFO - Database initialized successfully
2025-02-16 21:16:15,811 - INFO - Database initialized successfully
2025-02-16 21:16:15,811 - INFO - Application initialized successfully
2025-02-16 21:16:15,811 - INFO - Application initialized successfully
2025-02-16 21:16:15,811 - INFO - Application initialized successfully
2025-02-16 21:16:15,811 - INFO - Accessed index route
2025-02-16 21:16:15,811 - INFO - Accessed index route
2025-02-16 21:16:15,811 - INFO - Accessed index route
2025-02-16 21:16:18,598 - INFO - Accessed index route
2025-02-16 21:16:18,598 - INFO - Accessed index route
2025-02-16 21:16:18,598 - INFO - Accessed index route
2025-02-16 21:16:19,954 - INFO - Accessed register route
2025-02-16 21:16:19,954 - INFO - Accessed register route
2025-02-16 21:16:19,954 - INFO - Accessed register route
2025-02-16 21:16:24,109 - INFO - Accessed login route
2025-02-16 21:16:24,109 - INFO - Accessed login route
2025-02-16 21:16:24,109 - INFO - Accessed login route
2025-02-16 21:16:28,887 - INFO - Accessed register route
2025-02-16 21:16:28,887 - INFO - Accessed register route
2025-02-16 21:16:28,887 - INFO - Accessed register route
